<?xml version="1.0" encoding="UTF-8"?>
<coverage generated="1738690860265" clover="3.2.0">
  <project timestamp="1738690860265" name="All files">
    <metrics statements="29" coveredstatements="27" conditionals="19" coveredconditionals="17" methods="9" coveredmethods="9" elements="57" coveredelements="53" complexity="0" loc="29" ncloc="29" packages="2" files="2" classes="2"/>
    <package name="prediktive_api">
      <metrics statements="1" coveredstatements="1" conditionals="0" coveredconditionals="0" methods="0" coveredmethods="0"/>
      <file name="config.js" path="C:\Users\Gabriel\Downloads\pty\prediktive_api\config.js">
        <metrics statements="1" coveredstatements="1" conditionals="0" coveredconditionals="0" methods="0" coveredmethods="0"/>
        <line num="2" count="1" type="stmt"/>
      </file>
    </package>
    <package name="prediktive_api.page">
      <metrics statements="28" coveredstatements="26" conditionals="19" coveredconditionals="17" methods="9" coveredmethods="9"/>
      <file name="api.page.js" path="C:\Users\Gabriel\Downloads\pty\prediktive_api\page\api.page.js">
        <metrics statements="28" coveredstatements="26" conditionals="19" coveredconditionals="17" methods="9" coveredmethods="9"/>
        <line num="1" count="1" type="stmt"/>
        <line num="5" count="1" type="stmt"/>
        <line num="9" count="1" type="stmt"/>
        <line num="10" count="1" type="stmt"/>
        <line num="11" count="1" type="stmt"/>
        <line num="12" count="1" type="stmt"/>
        <line num="16" count="1" type="stmt"/>
        <line num="18" count="1" type="stmt"/>
        <line num="19" count="6" type="cond" truecount="2" falsecount="0"/>
        <line num="20" count="2" type="stmt"/>
        <line num="23" count="6" type="cond" truecount="2" falsecount="0"/>
        <line num="24" count="3" type="stmt"/>
        <line num="25" count="14" type="cond" truecount="2" falsecount="0"/>
        <line num="26" count="7" type="stmt"/>
        <line num="32" count="1" type="stmt"/>
        <line num="36" count="46" type="cond" truecount="2" falsecount="0"/>
        <line num="37" count="35" type="stmt"/>
        <line num="38" count="35" type="stmt"/>
        <line num="42" count="1" type="stmt"/>
        <line num="44" count="6" type="cond" truecount="3" falsecount="1"/>
        <line num="45" count="0" type="stmt"/>
        <line num="49" count="6" type="cond" truecount="2" falsecount="0"/>
        <line num="50" count="3" type="stmt"/>
        <line num="51" count="14" type="cond" truecount="3" falsecount="1"/>
        <line num="52" count="0" type="stmt"/>
        <line num="54" count="14" type="stmt"/>
        <line num="58" count="3" type="stmt"/>
        <line num="63" count="1" type="stmt"/>
      </file>
    </package>
  </project>
</coverage>
