{"C:\\Users\\Gabriel\\Downloads\\pty\\prediktive_api\\config.js": {"path":"C:\\Users\\Gabriel\\Downloads\\pty\\prediktive_api\\config.js","statementMap":{"0":{"start":{"line":2,"column":26},"end":{"line":6,"column":1}}},"fnMap":{},"branchMap":{},"s":{"0":1},"f":{},"b":{},"_coverageSchema":"1a1c01bbd47fc00a2c39e90264f33305004495a9","hash":"c1fcd9ece54dfaf30bcfbe8afa910ca25e6d30bd"}
,"C:\\Users\\Gabriel\\Downloads\\pty\\prediktive_api\\page\\api.page.js": {"path":"C:\\Users\\Gabriel\\Downloads\\pty\\prediktive_api\\page\\api.page.js","statementMap":{"0":{"start":{"line":1,"column":14},"end":{"line":1,"column":30}},"1":{"start":{"line":5,"column":4},"end":{"line":5,"column":27}},"2":{"start":{"line":9,"column":16},"end":{"line":9,"column":61}},"3":{"start":{"line":10,"column":21},"end":{"line":10,"column":41}},"4":{"start":{"line":11,"column":4},"end":{"line":11,"column":21}},"5":{"start":{"line":12,"column":4},"end":{"line":12,"column":25}},"6":{"start":{"line":16,"column":20},"end":{"line":16,"column":21}},"7":{"start":{"line":18,"column":4},"end":{"line":30,"column":7}},"8":{"start":{"line":19,"column":6},"end":{"line":21,"column":7}},"9":{"start":{"line":20,"column":8},"end":{"line":20,"column":20}},"10":{"start":{"line":23,"column":6},"end":{"line":29,"column":7}},"11":{"start":{"line":24,"column":8},"end":{"line":28,"column":11}},"12":{"start":{"line":25,"column":10},"end":{"line":27,"column":11}},"13":{"start":{"line":26,"column":12},"end":{"line":26,"column":24}},"14":{"start":{"line":32,"column":4},"end":{"line":32,"column":21}},"15":{"start":{"line":36,"column":4},"end":{"line":36,"column":27}},"16":{"start":{"line":36,"column":14},"end":{"line":36,"column":27}},"17":{"start":{"line":37,"column":23},"end":{"line":37,"column":42}},"18":{"start":{"line":38,"column":4},"end":{"line":38,"column":32}},"19":{"start":{"line":42,"column":4},"end":{"line":59,"column":7}},"20":{"start":{"line":44,"column":6},"end":{"line":46,"column":7}},"21":{"start":{"line":45,"column":8},"end":{"line":45,"column":21}},"22":{"start":{"line":49,"column":6},"end":{"line":56,"column":7}},"23":{"start":{"line":50,"column":8},"end":{"line":55,"column":11}},"24":{"start":{"line":51,"column":10},"end":{"line":53,"column":11}},"25":{"start":{"line":52,"column":12},"end":{"line":52,"column":25}},"26":{"start":{"line":54,"column":10},"end":{"line":54,"column":22}},"27":{"start":{"line":58,"column":6},"end":{"line":58,"column":18}},"28":{"start":{"line":63,"column":0},"end":{"line":63,"column":31}}},"fnMap":{"0":{"name":"(anonymous_0)","decl":{"start":{"line":4,"column":2},"end":{"line":4,"column":3}},"loc":{"start":{"line":4,"column":23},"end":{"line":6,"column":3}},"line":4},"1":{"name":"(anonymous_1)","decl":{"start":{"line":8,"column":2},"end":{"line":8,"column":3}},"loc":{"start":{"line":8,"column":60},"end":{"line":13,"column":3}},"line":8},"2":{"name":"(anonymous_2)","decl":{"start":{"line":15,"column":2},"end":{"line":15,"column":3}},"loc":{"start":{"line":15,"column":22},"end":{"line":33,"column":3}},"line":15},"3":{"name":"(anonymous_3)","decl":{"start":{"line":18,"column":31},"end":{"line":18,"column":32}},"loc":{"start":{"line":18,"column":42},"end":{"line":30,"column":5}},"line":18},"4":{"name":"(anonymous_4)","decl":{"start":{"line":24,"column":29},"end":{"line":24,"column":30}},"loc":{"start":{"line":24,"column":43},"end":{"line":28,"column":9}},"line":24},"5":{"name":"(anonymous_5)","decl":{"start":{"line":35,"column":2},"end":{"line":35,"column":3}},"loc":{"start":{"line":35,"column":18},"end":{"line":39,"column":3}},"line":35},"6":{"name":"(anonymous_6)","decl":{"start":{"line":41,"column":2},"end":{"line":41,"column":3}},"loc":{"start":{"line":41,"column":39},"end":{"line":60,"column":3}},"line":41},"7":{"name":"(anonymous_7)","decl":{"start":{"line":42,"column":36},"end":{"line":42,"column":37}},"loc":{"start":{"line":42,"column":47},"end":{"line":59,"column":5}},"line":42},"8":{"name":"(anonymous_8)","decl":{"start":{"line":50,"column":34},"end":{"line":50,"column":35}},"loc":{"start":{"line":50,"column":48},"end":{"line":55,"column":9}},"line":50}},"branchMap":{"0":{"loc":{"start":{"line":8,"column":32},"end":{"line":8,"column":58}},"type":"default-arg","locations":[{"start":{"line":8,"column":41},"end":{"line":8,"column":58}}],"line":8},"1":{"loc":{"start":{"line":19,"column":6},"end":{"line":21,"column":7}},"type":"if","locations":[{"start":{"line":19,"column":6},"end":{"line":21,"column":7}},{"start":{},"end":{}}],"line":19},"2":{"loc":{"start":{"line":23,"column":6},"end":{"line":29,"column":7}},"type":"if","locations":[{"start":{"line":23,"column":6},"end":{"line":29,"column":7}},{"start":{},"end":{}}],"line":23},"3":{"loc":{"start":{"line":25,"column":10},"end":{"line":27,"column":11}},"type":"if","locations":[{"start":{"line":25,"column":10},"end":{"line":27,"column":11}},{"start":{},"end":{}}],"line":25},"4":{"loc":{"start":{"line":36,"column":4},"end":{"line":36,"column":27}},"type":"if","locations":[{"start":{"line":36,"column":4},"end":{"line":36,"column":27}},{"start":{},"end":{}}],"line":36},"5":{"loc":{"start":{"line":44,"column":6},"end":{"line":46,"column":7}},"type":"if","locations":[{"start":{"line":44,"column":6},"end":{"line":46,"column":7}},{"start":{},"end":{}}],"line":44},"6":{"loc":{"start":{"line":44,"column":10},"end":{"line":44,"column":60}},"type":"binary-expr","locations":[{"start":{"line":44,"column":10},"end":{"line":44,"column":24}},{"start":{"line":44,"column":28},"end":{"line":44,"column":60}}],"line":44},"7":{"loc":{"start":{"line":49,"column":6},"end":{"line":56,"column":7}},"type":"if","locations":[{"start":{"line":49,"column":6},"end":{"line":56,"column":7}},{"start":{},"end":{}}],"line":49},"8":{"loc":{"start":{"line":51,"column":10},"end":{"line":53,"column":11}},"type":"if","locations":[{"start":{"line":51,"column":10},"end":{"line":53,"column":11}},{"start":{},"end":{}}],"line":51},"9":{"loc":{"start":{"line":51,"column":14},"end":{"line":51,"column":70}},"type":"binary-expr","locations":[{"start":{"line":51,"column":14},"end":{"line":51,"column":31}},{"start":{"line":51,"column":35},"end":{"line":51,"column":70}}],"line":51}},"s":{"0":1,"1":1,"2":1,"3":1,"4":1,"5":1,"6":1,"7":1,"8":6,"9":2,"10":6,"11":3,"12":14,"13":7,"14":1,"15":46,"16":11,"17":35,"18":35,"19":1,"20":6,"21":0,"22":6,"23":3,"24":14,"25":0,"26":14,"27":3,"28":1},"f":{"0":1,"1":1,"2":1,"3":6,"4":14,"5":46,"6":1,"7":6,"8":14},"b":{"0":[1],"1":[2,4],"2":[3,3],"3":[7,7],"4":[11,35],"5":[0,6],"6":[6,3],"7":[3,3],"8":[0,14],"9":[14,14]},"_coverageSchema":"1a1c01bbd47fc00a2c39e90264f33305004495a9","hash":"91f0ed1c6f375f77e7819a87290096c936114c0c"}
}
