TN:
SF:config.js
FNF:0
FNH:0
DA:2,1
LF:1
LH:1
BRF:0
BRH:0
end_of_record
TN:
SF:page\api.page.js
FN:4,(anonymous_0)
FN:8,(anonymous_1)
FN:15,(anonymous_2)
FN:18,(anonymous_3)
FN:24,(anonymous_4)
FN:35,(anonymous_5)
FN:41,(anonymous_6)
FN:42,(anonymous_7)
FN:50,(anonymous_8)
FNF:9
FNH:9
FNDA:1,(anonymous_0)
FNDA:1,(anonymous_1)
FNDA:1,(anonymous_2)
FNDA:6,(anonymous_3)
FNDA:14,(anonymous_4)
FNDA:46,(anonymous_5)
FNDA:1,(anonymous_6)
FNDA:6,(anonymous_7)
FNDA:14,(anonymous_8)
DA:1,1
DA:5,1
DA:9,1
DA:10,1
DA:11,1
DA:12,1
DA:16,1
DA:18,1
DA:19,6
DA:20,2
DA:23,6
DA:24,3
DA:25,14
DA:26,7
DA:32,1
DA:36,46
DA:37,35
DA:38,35
DA:42,1
DA:44,6
DA:45,0
DA:49,6
DA:50,3
DA:51,14
DA:52,0
DA:54,14
DA:58,3
DA:63,1
LF:28
LH:26
BRDA:8,0,0,1
BRDA:19,1,0,2
BRDA:19,1,1,4
BRDA:23,2,0,3
BRDA:23,2,1,3
BRDA:25,3,0,7
BRDA:25,3,1,7
BRDA:36,4,0,11
BRDA:36,4,1,35
BRDA:44,5,0,0
BRDA:44,5,1,6
BRDA:44,6,0,6
BRDA:44,6,1,3
BRDA:49,7,0,3
BRDA:49,7,1,3
BRDA:51,8,0,0
BRDA:51,8,1,14
BRDA:51,9,0,14
BRDA:51,9,1,14
BRF:19
BRH:17
end_of_record
